<?xml version="1.0" encoding="UTF-8"?>
<testng-results ignored="0" total="1" passed="1" failed="0" skipped="0">
  <reporter-output>
  </reporter-output>
  <suite started-at="2020-06-06T17:33:00Z" name="Default suite" finished-at="2020-06-06T17:33:12Z" duration-ms="12163">
    <groups>
    </groups>
    <test started-at="2020-06-06T17:33:00Z" name="Default test" finished-at="2020-06-06T17:33:12Z" duration-ms="12163">
      <class name="Testcases.practicePageLanding">
        <test-method is-config="true" signature="Setup()[pri:0, instance:Testcases.practicePageLanding@e1de817]" started-at="2020-06-06T17:32:46Z" name="Setup" finished-at="2020-06-06T17:33:00Z" duration-ms="13982" status="PASS">
          <reporter-output>
          </reporter-output>
        </test-method> <!-- Setup -->
        <test-method signature="landingPage()[pri:0, instance:Testcases.practicePageLanding@e1de817]" started-at="2020-06-06T17:33:00Z" name="landingPage" finished-at="2020-06-06T17:33:12Z" duration-ms="12010" status="PASS">
          <reporter-output>
          </reporter-output>
        </test-method> <!-- landingPage -->
        <test-method is-config="true" signature="Teardown()[pri:0, instance:Testcases.practicePageLanding@e1de817]" started-at="2020-06-06T17:33:12Z" name="Teardown" finished-at="2020-06-06T17:33:13Z" duration-ms="885" status="PASS">
          <reporter-output>
          </reporter-output>
        </test-method> <!-- Teardown -->
      </class> <!-- Testcases.practicePageLanding -->
    </test> <!-- Default test -->
  </suite> <!-- Default suite -->
</testng-results>
